TN:
SF:src\collectDependencies.js
FN:2,collectDependencies
FN:7,(anonymous_1)
FNF:2
FNH:2
FNDA:7,collectDependencies
FNDA:13,(anonymous_1)
DA:3,7
DA:4,7
DA:7,7
DA:8,13
DA:10,10
DA:12,19
DA:14,16
DA:19,7
DA:22,7
DA:23,2
DA:27,7
DA:28,2
DA:32,7
DA:33,2
DA:36,7
DA:39,1
LF:16
LH:16
BRDA:8,0,0,3
BRDA:8,0,1,10
BRDA:12,1,0,3
BRDA:12,1,1,16
BRDA:12,2,0,19
BRDA:12,2,1,4
BRDA:22,3,0,2
BRDA:22,3,1,5
BRDA:27,4,0,2
BRDA:27,4,1,5
BRDA:32,5,0,2
BRDA:32,5,1,5
BRF:12
BRH:12
end_of_record
TN:
SF:src\constants.js
FNF:0
FNH:0
DA:2,0
LF:1
LH:0
BRF:0
BRH:0
end_of_record
TN:
SF:src\helpers.js
FN:7,(anonymous_0)
FN:14,parseArgs
FN:32,collectDependencies
FN:37,(anonymous_3)
FN:70,authenticateVerdaccio
FN:130,getPackageMetadata
FN:131,(anonymous_6)
FN:136,(anonymous_7)
FN:139,(anonymous_8)
FN:143,(anonymous_9)
FN:157,(anonymous_10)
FN:164,checkPackageExists
FN:165,(anonymous_12)
FN:170,(anonymous_13)
FN:172,(anonymous_14)
FN:176,(anonymous_15)
FN:190,(anonymous_16)
FN:198,getExactVersion
FN:203,resolveVersionRange
FN:214,(anonymous_19)
FN:262,compareVersions
FN:263,(anonymous_21)
FN:264,(anonymous_22)
FN:276,getAllDependencies
FN:310,parsePackageSpec
FNF:25
FNH:10
FNDA:1,(anonymous_0)
FNDA:1,parseArgs
FNDA:1,collectDependencies
FNDA:4,(anonymous_3)
FNDA:0,authenticateVerdaccio
FNDA:0,getPackageMetadata
FNDA:0,(anonymous_6)
FNDA:0,(anonymous_7)
FNDA:0,(anonymous_8)
FNDA:0,(anonymous_9)
FNDA:0,(anonymous_10)
FNDA:0,checkPackageExists
FNDA:0,(anonymous_12)
FNDA:0,(anonymous_13)
FNDA:0,(anonymous_14)
FNDA:0,(anonymous_15)
FNDA:0,(anonymous_16)
FNDA:0,getExactVersion
FNDA:4,resolveVersionRange
FNDA:6,(anonymous_19)
FNDA:10,compareVersions
FNDA:30,(anonymous_21)
FNDA:30,(anonymous_22)
FNDA:0,getAllDependencies
FNDA:3,parsePackageSpec
DA:1,3
DA:2,3
DA:3,3
DA:4,3
DA:7,3
DA:8,1
DA:9,1
DA:15,1
DA:16,1
DA:17,3
DA:18,3
DA:19,3
DA:20,3
DA:21,2
DA:22,2
DA:24,1
DA:28,1
DA:33,1
DA:34,1
DA:37,1
DA:38,4
DA:40,4
DA:42,4
DA:44,4
DA:49,1
DA:52,1
DA:53,1
DA:57,1
DA:58,1
DA:62,1
DA:63,1
DA:66,1
DA:71,0
DA:73,0
DA:75,0
DA:77,0
DA:78,0
DA:79,0
DA:82,0
DA:85,0
DA:86,0
DA:88,0
DA:94,0
DA:95,0
DA:98,0
DA:99,0
DA:100,0
DA:102,0
DA:105,0
DA:106,0
DA:108,0
DA:114,0
DA:115,0
DA:116,0
DA:117,0
DA:118,0
DA:119,0
DA:121,0
DA:124,0
DA:131,0
DA:132,0
DA:133,0
DA:134,0
DA:136,0
DA:137,0
DA:139,0
DA:140,0
DA:143,0
DA:144,0
DA:145,0
DA:146,0
DA:147,0
DA:149,0
DA:151,0
DA:152,0
DA:154,0
DA:158,0
DA:165,0
DA:166,0
DA:167,0
DA:168,0
DA:170,0
DA:171,0
DA:172,0
DA:173,0
DA:176,0
DA:177,0
DA:178,0
DA:179,0
DA:181,0
DA:183,0
DA:184,0
DA:187,0
DA:191,0
DA:192,0
DA:199,0
DA:204,4
DA:205,0
DA:209,4
DA:210,1
DA:213,3
DA:214,6
DA:217,3
DA:218,1
DA:220,1
DA:221,1
DA:222,1
DA:227,2
DA:228,1
DA:229,1
DA:232,1
DA:233,2
DA:234,2
DA:235,1
DA:240,1
DA:241,1
DA:242,1
DA:245,1
DA:246,3
DA:247,3
DA:248,1
DA:253,0
DA:254,0
DA:258,0
DA:263,30
DA:264,30
DA:266,10
DA:267,18
DA:268,9
DA:272,1
DA:277,0
DA:278,0
DA:279,0
DA:281,0
DA:282,0
DA:286,0
DA:287,0
DA:288,0
DA:293,0
DA:294,0
DA:295,0
DA:300,0
DA:301,0
DA:302,0
DA:306,0
DA:312,3
DA:313,1
DA:314,1
DA:315,1
DA:316,1
DA:317,1
DA:322,0
DA:326,2
DA:327,2
DA:328,1
DA:333,1
DA:336,0
DA:340,3
LF:158
LH:73
BRDA:7,0,0,0
BRDA:8,1,0,1
BRDA:8,1,1,0
BRDA:18,2,0,3
BRDA:18,2,1,0
BRDA:20,3,0,2
BRDA:20,3,1,1
BRDA:20,4,0,3
BRDA:20,4,1,3
BRDA:38,5,0,0
BRDA:38,5,1,4
BRDA:42,6,0,0
BRDA:42,6,1,4
BRDA:42,7,0,4
BRDA:42,7,1,0
BRDA:52,8,0,1
BRDA:52,8,1,0
BRDA:57,9,0,1
BRDA:57,9,1,0
BRDA:62,10,0,1
BRDA:62,10,1,0
BRDA:70,11,0,0
BRDA:85,12,0,0
BRDA:85,12,1,0
BRDA:85,13,0,0
BRDA:85,13,1,0
BRDA:94,14,0,0
BRDA:94,14,1,0
BRDA:105,15,0,0
BRDA:105,15,1,0
BRDA:114,16,0,0
BRDA:114,16,1,0
BRDA:134,17,0,0
BRDA:134,17,1,0
BRDA:144,18,0,0
BRDA:144,18,1,0
BRDA:151,19,0,0
BRDA:151,19,1,0
BRDA:168,20,0,0
BRDA:168,20,1,0
BRDA:177,21,0,0
BRDA:177,21,1,0
BRDA:181,22,0,0
BRDA:181,22,1,0
BRDA:204,23,0,0
BRDA:204,23,1,4
BRDA:204,24,0,4
BRDA:204,24,1,4
BRDA:204,24,2,4
BRDA:209,25,0,1
BRDA:209,25,1,3
BRDA:209,26,0,4
BRDA:209,26,1,3
BRDA:217,27,0,1
BRDA:217,27,1,2
BRDA:221,28,0,1
BRDA:221,28,1,0
BRDA:227,29,0,1
BRDA:227,29,1,1
BRDA:234,30,0,1
BRDA:234,30,1,1
BRDA:240,31,0,1
BRDA:240,31,1,0
BRDA:247,32,0,1
BRDA:247,32,1,2
BRDA:247,33,0,3
BRDA:247,33,1,2
BRDA:253,34,0,0
BRDA:253,34,1,0
BRDA:267,35,0,9
BRDA:267,35,1,9
BRDA:281,36,0,0
BRDA:281,36,1,0
BRDA:286,37,0,0
BRDA:286,37,1,0
BRDA:293,38,0,0
BRDA:293,38,1,0
BRDA:293,39,0,0
BRDA:293,39,1,0
BRDA:300,40,0,0
BRDA:300,40,1,0
BRDA:300,41,0,0
BRDA:300,41,1,0
BRDA:312,42,0,1
BRDA:312,42,1,2
BRDA:314,43,0,1
BRDA:314,43,1,0
BRDA:316,44,0,1
BRDA:316,44,1,0
BRDA:327,45,0,1
BRDA:327,45,1,1
BRF:91
BRH:40
end_of_record
TN:
SF:src\main.js
FN:17,showHelp
FN:41,main
FN:140,(anonymous_2)
FNF:3
FNH:0
FNDA:0,showHelp
FNDA:0,main
FNDA:0,(anonymous_2)
DA:1,0
DA:2,0
DA:3,0
DA:4,0
DA:5,0
DA:6,0
DA:7,0
DA:8,0
DA:10,0
DA:11,0
DA:12,0
DA:13,0
DA:14,0
DA:18,0
DA:42,0
DA:44,0
DA:45,0
DA:48,0
DA:49,0
DA:50,0
DA:54,0
DA:72,0
DA:73,0
DA:74,0
DA:77,0
DA:78,0
DA:79,0
DA:88,0
DA:91,0
DA:92,0
DA:94,0
DA:96,0
DA:97,0
DA:100,0
DA:107,0
DA:114,0
DA:115,0
DA:116,0
DA:119,0
DA:122,0
DA:123,0
DA:126,0
DA:127,0
DA:131,0
DA:133,0
DA:134,0
DA:135,0
DA:138,0
DA:139,0
DA:140,0
DA:141,0
DA:151,0
DA:153,0
DA:156,0
DA:159,0
DA:160,0
DA:162,0
DA:163,0
DA:165,0
DA:166,0
DA:169,0
DA:170,0
DA:177,0
DA:178,0
DA:179,0
DA:180,0
DA:182,0
DA:185,0
DA:186,0
DA:190,0
DA:199,0
DA:202,0
DA:203,0
DA:204,0
DA:206,0
DA:207,0
DA:208,0
DA:210,0
DA:215,0
DA:216,0
DA:220,0
LF:81
LH:0
BRDA:48,0,0,0
BRDA:48,0,1,0
BRDA:55,1,0,0
BRDA:55,1,1,0
BRDA:56,2,0,0
BRDA:56,2,1,0
BRDA:57,3,0,0
BRDA:57,3,1,0
BRDA:58,4,0,0
BRDA:58,4,1,0
BRDA:59,5,0,0
BRDA:59,5,1,0
BRDA:60,6,0,0
BRDA:60,6,1,0
BRDA:61,7,0,0
BRDA:61,7,1,0
BRDA:62,8,0,0
BRDA:62,8,1,0
BRDA:64,9,0,0
BRDA:64,9,1,0
BRDA:65,10,0,0
BRDA:65,10,1,0
BRDA:66,11,0,0
BRDA:66,11,1,0
BRDA:67,12,0,0
BRDA:67,12,1,0
BRDA:68,13,0,0
BRDA:68,13,1,0
BRDA:77,14,0,0
BRDA:77,14,1,0
BRDA:114,15,0,0
BRDA:114,15,1,0
BRDA:165,16,0,0
BRDA:165,16,1,0
BRDA:165,17,0,0
BRDA:165,17,1,0
BRDA:177,18,0,0
BRDA:177,18,1,0
BRDA:179,19,0,0
BRDA:179,19,1,0
BRDA:206,20,0,0
BRDA:206,20,1,0
BRDA:206,21,0,0
BRDA:206,21,1,0
BRF:44
BRH:0
end_of_record
TN:
SF:src\processPackage.js
FN:4,processPackage
FN:41,(anonymous_1)
FNF:2
FNH:2
FNDA:7,processPackage
FNDA:3,(anonymous_1)
DA:1,1
DA:5,7
DA:6,7
DA:9,7
DA:10,1
DA:14,6
DA:16,6
DA:17,6
DA:20,6
DA:23,5
DA:24,5
DA:25,1
DA:26,1
DA:29,4
DA:32,4
DA:38,4
DA:39,5
DA:41,5
DA:42,3
DA:43,3
DA:47,1
DA:51,1
LF:22
LH:22
BRDA:9,0,0,1
BRDA:9,0,1,6
BRDA:17,1,0,1
BRDA:17,1,1,5
BRDA:24,2,0,1
BRDA:24,2,1,4
BRDA:41,3,0,3
BRDA:41,3,1,2
BRDA:41,4,0,5
BRDA:41,4,1,4
BRF:10
BRH:10
end_of_record
TN:
SF:src\publishToVerdaccio.js
FN:6,publishToVerdaccio
FN:126,checkPackageExists
FN:127,(anonymous_2)
FNF:3
FNH:3
FNDA:8,publishToVerdaccio
FNDA:6,checkPackageExists
FNDA:6,(anonymous_2)
DA:1,1
DA:2,1
DA:3,1
DA:7,8
DA:10,8
DA:11,8
DA:12,8
DA:15,8
DA:17,3
DA:18,3
DA:19,3
DA:20,2
DA:21,2
DA:22,1
DA:24,1
DA:25,1
DA:26,1
DA:28,2
DA:29,2
DA:34,6
DA:35,6
DA:36,6
DA:37,6
DA:38,1
DA:39,1
DA:42,0
DA:47,5
DA:49,5
DA:50,5
DA:51,5
DA:54,5
DA:60,5
DA:62,5
DA:64,5
DA:65,0
DA:69,5
DA:70,5
DA:72,4
DA:74,4
DA:75,4
DA:78,4
DA:79,4
DA:81,1
DA:82,1
DA:85,4
DA:90,4
DA:95,4
DA:97,4
DA:100,0
DA:105,0
DA:106,0
DA:107,0
DA:109,0
DA:111,0
DA:113,0
DA:114,0
DA:116,0
DA:120,1
DA:121,1
DA:127,6
DA:128,6
DA:129,6
DA:131,6
DA:133,0
DA:138,1
LF:65
LH:53
BRDA:15,0,0,3
BRDA:15,0,1,5
BRDA:15,1,0,8
BRDA:15,1,1,8
BRDA:15,1,2,8
BRDA:15,1,3,5
BRDA:15,1,4,5
BRDA:21,2,0,1
BRDA:21,2,1,1
BRDA:34,3,0,6
BRDA:34,3,1,0
BRDA:37,4,0,1
BRDA:37,4,1,5
BRDA:64,5,0,0
BRDA:64,5,1,5
BRDA:75,6,0,4
BRDA:75,6,1,0
BRDA:79,7,0,1
BRDA:79,7,1,3
BRDA:82,8,0,1
BRDA:82,8,1,0
BRDA:100,9,0,0
BRDA:100,9,1,0
BRDA:100,10,0,0
BRDA:100,10,1,0
BRDA:100,10,2,0
BRDA:100,10,3,0
BRDA:100,10,4,0
BRDA:106,11,0,0
BRDA:106,11,1,0
BRDA:113,12,0,0
BRDA:113,12,1,0
BRDA:131,13,0,6
BRDA:131,13,1,1
BRF:34
BRH:19
end_of_record
